>> Writing PID to tmp/pids/thin.3003.pid
>> Using rails adapter
NOTE: SourceIndex.new(hash) is deprecated; From /usr/lib/ruby/gems/1.8/gems/rails-2.3.14/lib/rails/vendor_gem_source_index.rb:100:in `new'.
>> Thin web server (v1.3.1 codename Triple Espresso)
>> Maximum connections set to 1024
>> Listening on 0.0.0.0:3003, CTRL+C to stop
>> Exiting!
>> Writing PID to tmp/pids/thin.3003.pid
>> Using rails adapter
NOTE: SourceIndex.new(hash) is deprecated; From /usr/lib/ruby/gems/1.8/gems/rails-2.3.14/lib/rails/vendor_gem_source_index.rb:100:in `new'.
>> Thin web server (v1.3.1 codename Triple Espresso)
>> Maximum connections set to 1024
>> Listening on 0.0.0.0:3003, CTRL+C to stop
>> Exiting!
>> Writing PID to tmp/pids/thin.3003.pid
>> Using rails adapter
NOTE: SourceIndex.new(hash) is deprecated; From /usr/lib/ruby/gems/1.8/gems/rails-2.3.14/lib/rails/vendor_gem_source_index.rb:100:in `new'.
>> Thin web server (v1.3.1 codename Triple Espresso)
>> Maximum connections set to 1024
>> Listening on 0.0.0.0:3003, CTRL+C to stop
>> Exiting!
>> Writing PID to tmp/pids/thin.3003.pid
>> Using rails adapter
NOTE: SourceIndex.new(hash) is deprecated; From /usr/lib/ruby/gems/1.8/gems/rails-2.3.14/lib/rails/vendor_gem_source_index.rb:100:in `new'.
>> Thin web server (v1.3.1 codename Triple Espresso)
>> Maximum connections set to 1024
>> Listening on 0.0.0.0:3003, CTRL+C to stop
>> Exiting!
>> Writing PID to tmp/pids/thin.3003.pid
>> Using rails adapter
NOTE: SourceIndex.new(hash) is deprecated; From /usr/lib/ruby/gems/1.8/gems/rails-2.3.14/lib/rails/vendor_gem_source_index.rb:100:in `new'.
>> Thin web server (v1.3.1 codename Triple Espresso)
>> Maximum connections set to 1024
>> Listening on 0.0.0.0:3003, CTRL+C to stop
sh: darcs: not found
sh: cvs: not found
sh: bzr: not found
>> Exiting!
>> Writing PID to tmp/pids/thin.3003.pid
>> Using rails adapter
NOTE: SourceIndex.new(hash) is deprecated; From /usr/lib/ruby/gems/1.8/gems/rails-2.3.14/lib/rails/vendor_gem_source_index.rb:100:in `new'.
>> Thin web server (v1.3.1 codename Triple Espresso)
>> Maximum connections set to 1024
>> Listening on 0.0.0.0:3003, CTRL+C to stop
>> Exiting!
>> Writing PID to tmp/pids/thin.3003.pid
>> Using rails adapter
NOTE: SourceIndex.new(hash) is deprecated; From /usr/lib/ruby/gems/1.8/gems/rails-2.3.14/lib/rails/vendor_gem_source_index.rb:100:in `new'.
>> Thin web server (v1.3.1 codename Triple Espresso)
>> Maximum connections set to 1024
>> Listening on 0.0.0.0:3003, CTRL+C to stop
>> Exiting!
>> Writing PID to tmp/pids/thin.3003.pid
>> Using rails adapter
NOTE: SourceIndex.new(hash) is deprecated; From /usr/lib/ruby/gems/1.8/gems/rails-2.3.14/lib/rails/vendor_gem_source_index.rb:100:in `new'.
>> Thin web server (v1.3.1 codename Triple Espresso)
>> Maximum connections set to 1024
>> Listening on 0.0.0.0:3003, CTRL+C to stop
>> Exiting!
>> Writing PID to tmp/pids/thin.3003.pid
>> Using rails adapter
NOTE: SourceIndex.new(hash) is deprecated; From /usr/lib/ruby/gems/1.8/gems/rails-2.3.14/lib/rails/vendor_gem_source_index.rb:100:in `new'.
>> Thin web server (v1.3.1 codename Triple Espresso)
>> Maximum connections set to 1024
>> Listening on 0.0.0.0:3003, CTRL+C to stop
>> Exiting!
>> Writing PID to tmp/pids/thin.3003.pid
>> Using rails adapter
NOTE: SourceIndex.new(hash) is deprecated; From /usr/lib/ruby/gems/1.8/gems/rails-2.3.14/lib/rails/vendor_gem_source_index.rb:100:in `new'.
>> Thin web server (v1.3.1 codename Triple Espresso)
>> Maximum connections set to 1024
>> Listening on 0.0.0.0:3003, CTRL+C to stop
>> Exiting!
>> Writing PID to tmp/pids/thin.3003.pid
>> Using rails adapter
NOTE: SourceIndex.new(hash) is deprecated; From /usr/lib/ruby/gems/1.8/gems/rails-2.3.14/lib/rails/vendor_gem_source_index.rb:100:in `new'.
>> Thin web server (v1.3.1 codename Triple Espresso)
>> Maximum connections set to 1024
>> Listening on 0.0.0.0:3003, CTRL+C to stop
>> Writing PID to tmp/pids/thin.3003.pid
>> Using rails adapter
NOTE: SourceIndex.new(hash) is deprecated; From /usr/lib/ruby/gems/1.8/gems/rails-2.3.14/lib/rails/vendor_gem_source_index.rb:100:in `new'.
>> Thin web server (v1.3.1 codename Triple Espresso)
>> Maximum connections set to 1024
>> Listening on 0.0.0.0:3003, CTRL+C to stop
>> Exiting!
>> Writing PID to tmp/pids/thin.3003.pid
>> Using rails adapter
NOTE: SourceIndex.new(hash) is deprecated; From /usr/lib/ruby/gems/1.8/gems/rails-2.3.14/lib/rails/vendor_gem_source_index.rb:100:in `new'.
>> Thin web server (v1.3.1 codename Triple Espresso)
>> Maximum connections set to 1024
>> Listening on 0.0.0.0:3003, CTRL+C to stop
>> Exiting!
>> Writing PID to tmp/pids/thin.3003.pid
>> Using rails adapter
NOTE: SourceIndex.new(hash) is deprecated; From /usr/lib/ruby/gems/1.8/gems/rails-2.3.14/lib/rails/vendor_gem_source_index.rb:100:in `new'.
>> Thin web server (v1.3.1 codename Triple Espresso)
>> Maximum connections set to 1024
>> Listening on 0.0.0.0:3003, CTRL+C to stop
>> Exiting!
>> Writing PID to tmp/pids/thin.3003.pid
>> Using rails adapter
NOTE: SourceIndex.new(hash) is deprecated; From /usr/lib/ruby/gems/1.8/gems/rails-2.3.14/lib/rails/vendor_gem_source_index.rb:100:in `new'.
>> Thin web server (v1.3.1 codename Triple Espresso)
>> Maximum connections set to 1024
>> Listening on 0.0.0.0:3003, CTRL+C to stop
>> Exiting!
>> Writing PID to tmp/pids/thin.3003.pid
>> Using rails adapter
NOTE: SourceIndex.new(hash) is deprecated; From /usr/lib/ruby/gems/1.8/gems/rails-2.3.14/lib/rails/vendor_gem_source_index.rb:100:in `new'.
>> Thin web server (v1.3.1 codename Triple Espresso)
>> Maximum connections set to 1024
>> Listening on 0.0.0.0:3003, CTRL+C to stop
>> Exiting!
>> Writing PID to tmp/pids/thin.3003.pid
>> Using rails adapter
NOTE: SourceIndex.new(hash) is deprecated; From /usr/lib/ruby/gems/1.8/gems/rails-2.3.14/lib/rails/vendor_gem_source_index.rb:100:in `new'.
>> Thin web server (v1.3.1 codename Triple Espresso)
>> Maximum connections set to 1024
>> Listening on 0.0.0.0:3003, CTRL+C to stop
>> Exiting!
>> Writing PID to tmp/pids/thin.3003.pid
>> Using rails adapter
NOTE: SourceIndex.new(hash) is deprecated; From /usr/lib/ruby/gems/1.8/gems/rails-2.3.14/lib/rails/vendor_gem_source_index.rb:100:in `new'.
>> Thin web server (v1.3.1 codename Triple Espresso)
>> Maximum connections set to 1024
>> Listening on 0.0.0.0:3003, CTRL+C to stop
>> Exiting!
>> Writing PID to tmp/pids/thin.3003.pid
>> Using rails adapter
NOTE: SourceIndex.new(hash) is deprecated; From /usr/lib/ruby/gems/1.8/gems/rails-2.3.14/lib/rails/vendor_gem_source_index.rb:100:in `new'.
>> Thin web server (v1.3.1 codename Triple Espresso)
>> Maximum connections set to 1024
>> Listening on 0.0.0.0:3003, CTRL+C to stop
>> Exiting!
>> Writing PID to tmp/pids/thin.3003.pid
>> Using rails adapter
NOTE: SourceIndex.new(hash) is deprecated; From /usr/lib/ruby/gems/1.8/gems/rails-2.3.14/lib/rails/vendor_gem_source_index.rb:100:in `new'.
>> Thin web server (v1.3.1 codename Triple Espresso)
>> Maximum connections set to 1024
>> Listening on 0.0.0.0:3003, CTRL+C to stop
>> Exiting!
>> Writing PID to tmp/pids/thin.3003.pid
>> Using rails adapter
>> Exiting!
/usr/local/lib/site_ruby/1.8/rubygems/specification.rb:1615:in `raise_if_conflicts': Unable to activate actionpack-2.3.14, because rack-1.3.5 conflicts with rack (~> 1.1.0) (Gem::LoadError)
	from /usr/local/lib/site_ruby/1.8/rubygems/specification.rb:738:in `activate'
	from /usr/local/lib/site_ruby/1.8/rubygems/specification.rb:764:in `activate_dependencies'
	from /usr/local/lib/site_ruby/1.8/rubygems/specification.rb:758:in `each'
	from /usr/local/lib/site_ruby/1.8/rubygems/specification.rb:758:in `activate_dependencies'
	from /usr/local/lib/site_ruby/1.8/rubygems/specification.rb:742:in `activate'
	from /usr/local/lib/site_ruby/1.8/rubygems.rb:1211:in `gem'
	from /home/honhon/sites/redmine/config/boot.rb:65:in `load_rails_gem'
	from /home/honhon/sites/redmine/config/boot.rb:59:in `load_initializer'
	from /home/honhon/sites/redmine/config/boot.rb:43:in `run'
	from /home/honhon/sites/redmine/config/boot.rb:16:in `boot!'
	from /home/honhon/sites/redmine/config/boot.rb:119
	from /usr/local/lib/site_ruby/1.8/rubygems/custom_require.rb:36:in `gem_original_require'
	from /usr/local/lib/site_ruby/1.8/rubygems/custom_require.rb:36:in `require'
	from /home/honhon/sites/redmine/config/environment.rb:15
	from /usr/local/lib/site_ruby/1.8/rubygems/custom_require.rb:36:in `gem_original_require'
	from /usr/local/lib/site_ruby/1.8/rubygems/custom_require.rb:36:in `require'
	from /usr/lib/ruby/gems/1.8/gems/thin-1.3.1/lib/rack/adapter/rails.rb:37:in `load_application'
	from /usr/lib/ruby/gems/1.8/gems/thin-1.3.1/lib/rack/adapter/rails.rb:23:in `initialize'
	from /usr/lib/ruby/gems/1.8/gems/thin-1.3.1/lib/rack/adapter/loader.rb:48:in `new'
	from /usr/lib/ruby/gems/1.8/gems/thin-1.3.1/lib/rack/adapter/loader.rb:48:in `for'
	from /usr/lib/ruby/gems/1.8/gems/thin-1.3.1/lib/thin/controllers/controller.rb:169:in `load_adapter'
	from /usr/lib/ruby/gems/1.8/gems/thin-1.3.1/lib/thin/controllers/controller.rb:73:in `start'
	from /usr/lib/ruby/gems/1.8/gems/thin-1.3.1/lib/thin/runner.rb:185:in `send'
	from /usr/lib/ruby/gems/1.8/gems/thin-1.3.1/lib/thin/runner.rb:185:in `run_command'
	from /usr/lib/ruby/gems/1.8/gems/thin-1.3.1/lib/thin/runner.rb:151:in `run!'
	from /usr/lib/ruby/gems/1.8/gems/thin-1.3.1/bin/thin:6
	from /usr/bin/thin:19:in `load'
	from /usr/bin/thin:19
>> Writing PID to tmp/pids/thin.3003.pid
>> Using rails adapter
>> Exiting!
/usr/local/lib/site_ruby/1.8/rubygems/specification.rb:1615:in `raise_if_conflicts': Unable to activate actionpack-2.3.14, because rack-1.3.5 conflicts with rack (~> 1.1.0) (Gem::LoadError)
	from /usr/local/lib/site_ruby/1.8/rubygems/specification.rb:738:in `activate'
	from /usr/local/lib/site_ruby/1.8/rubygems/specification.rb:764:in `activate_dependencies'
	from /usr/local/lib/site_ruby/1.8/rubygems/specification.rb:758:in `each'
	from /usr/local/lib/site_ruby/1.8/rubygems/specification.rb:758:in `activate_dependencies'
	from /usr/local/lib/site_ruby/1.8/rubygems/specification.rb:742:in `activate'
	from /usr/local/lib/site_ruby/1.8/rubygems.rb:1211:in `gem'
	from /home/honhon/sites/redmine/config/boot.rb:65:in `load_rails_gem'
	from /home/honhon/sites/redmine/config/boot.rb:59:in `load_initializer'
	from /home/honhon/sites/redmine/config/boot.rb:43:in `run'
	from /home/honhon/sites/redmine/config/boot.rb:16:in `boot!'
	from /home/honhon/sites/redmine/config/boot.rb:119
	from /usr/local/lib/site_ruby/1.8/rubygems/custom_require.rb:36:in `gem_original_require'
	from /usr/local/lib/site_ruby/1.8/rubygems/custom_require.rb:36:in `require'
	from /home/honhon/sites/redmine/config/environment.rb:15
	from /usr/local/lib/site_ruby/1.8/rubygems/custom_require.rb:36:in `gem_original_require'
	from /usr/local/lib/site_ruby/1.8/rubygems/custom_require.rb:36:in `require'
	from /usr/lib/ruby/gems/1.8/gems/thin-1.3.1/lib/rack/adapter/rails.rb:37:in `load_application'
	from /usr/lib/ruby/gems/1.8/gems/thin-1.3.1/lib/rack/adapter/rails.rb:23:in `initialize'
	from /usr/lib/ruby/gems/1.8/gems/thin-1.3.1/lib/rack/adapter/loader.rb:48:in `new'
	from /usr/lib/ruby/gems/1.8/gems/thin-1.3.1/lib/rack/adapter/loader.rb:48:in `for'
	from /usr/lib/ruby/gems/1.8/gems/thin-1.3.1/lib/thin/controllers/controller.rb:169:in `load_adapter'
	from /usr/lib/ruby/gems/1.8/gems/thin-1.3.1/lib/thin/controllers/controller.rb:73:in `start'
	from /usr/lib/ruby/gems/1.8/gems/thin-1.3.1/lib/thin/runner.rb:185:in `send'
	from /usr/lib/ruby/gems/1.8/gems/thin-1.3.1/lib/thin/runner.rb:185:in `run_command'
	from /usr/lib/ruby/gems/1.8/gems/thin-1.3.1/lib/thin/runner.rb:151:in `run!'
	from /usr/lib/ruby/gems/1.8/gems/thin-1.3.1/bin/thin:6
	from /usr/bin/thin:19:in `load'
	from /usr/bin/thin:19
>> Writing PID to tmp/pids/thin.3003.pid
>> Using rails adapter
>> Exiting!
/usr/local/lib/site_ruby/1.8/rubygems/specification.rb:1615:in `raise_if_conflicts': Unable to activate actionpack-2.3.14, because rack-1.3.5 conflicts with rack (~> 1.1.0) (Gem::LoadError)
	from /usr/local/lib/site_ruby/1.8/rubygems/specification.rb:738:in `activate'
	from /usr/local/lib/site_ruby/1.8/rubygems/specification.rb:764:in `activate_dependencies'
	from /usr/local/lib/site_ruby/1.8/rubygems/specification.rb:758:in `each'
	from /usr/local/lib/site_ruby/1.8/rubygems/specification.rb:758:in `activate_dependencies'
	from /usr/local/lib/site_ruby/1.8/rubygems/specification.rb:742:in `activate'
	from /usr/local/lib/site_ruby/1.8/rubygems.rb:1211:in `gem'
	from /home/honhon/sites/redmine/config/boot.rb:65:in `load_rails_gem'
	from /home/honhon/sites/redmine/config/boot.rb:59:in `load_initializer'
	from /home/honhon/sites/redmine/config/boot.rb:43:in `run'
	from /home/honhon/sites/redmine/config/boot.rb:16:in `boot!'
	from /home/honhon/sites/redmine/config/boot.rb:119
	from /usr/local/lib/site_ruby/1.8/rubygems/custom_require.rb:36:in `gem_original_require'
	from /usr/local/lib/site_ruby/1.8/rubygems/custom_require.rb:36:in `require'
	from /home/honhon/sites/redmine/config/environment.rb:15
	from /usr/local/lib/site_ruby/1.8/rubygems/custom_require.rb:36:in `gem_original_require'
	from /usr/local/lib/site_ruby/1.8/rubygems/custom_require.rb:36:in `require'
	from /usr/lib/ruby/gems/1.8/gems/thin-1.3.1/lib/rack/adapter/rails.rb:37:in `load_application'
	from /usr/lib/ruby/gems/1.8/gems/thin-1.3.1/lib/rack/adapter/rails.rb:23:in `initialize'
	from /usr/lib/ruby/gems/1.8/gems/thin-1.3.1/lib/rack/adapter/loader.rb:48:in `new'
	from /usr/lib/ruby/gems/1.8/gems/thin-1.3.1/lib/rack/adapter/loader.rb:48:in `for'
	from /usr/lib/ruby/gems/1.8/gems/thin-1.3.1/lib/thin/controllers/controller.rb:169:in `load_adapter'
	from /usr/lib/ruby/gems/1.8/gems/thin-1.3.1/lib/thin/controllers/controller.rb:73:in `start'
	from /usr/lib/ruby/gems/1.8/gems/thin-1.3.1/lib/thin/runner.rb:185:in `send'
	from /usr/lib/ruby/gems/1.8/gems/thin-1.3.1/lib/thin/runner.rb:185:in `run_command'
	from /usr/lib/ruby/gems/1.8/gems/thin-1.3.1/lib/thin/runner.rb:151:in `run!'
	from /usr/lib/ruby/gems/1.8/gems/thin-1.3.1/bin/thin:6
	from /usr/bin/thin:19:in `load'
	from /usr/bin/thin:19
>> Writing PID to tmp/pids/thin.3003.pid
>> Using rails adapter
>> Exiting!
/usr/local/lib/site_ruby/1.8/rubygems/specification.rb:1615:in `raise_if_conflicts': Unable to activate actionpack-2.3.14, because rack-1.3.5 conflicts with rack (~> 1.1.0) (Gem::LoadError)
	from /usr/local/lib/site_ruby/1.8/rubygems/specification.rb:738:in `activate'
	from /usr/local/lib/site_ruby/1.8/rubygems/specification.rb:764:in `activate_dependencies'
	from /usr/local/lib/site_ruby/1.8/rubygems/specification.rb:758:in `each'
	from /usr/local/lib/site_ruby/1.8/rubygems/specification.rb:758:in `activate_dependencies'
	from /usr/local/lib/site_ruby/1.8/rubygems/specification.rb:742:in `activate'
	from /usr/local/lib/site_ruby/1.8/rubygems.rb:1211:in `gem'
	from /home/honhon/sites/redmine/config/boot.rb:65:in `load_rails_gem'
	from /home/honhon/sites/redmine/config/boot.rb:59:in `load_initializer'
	from /home/honhon/sites/redmine/config/boot.rb:43:in `run'
	from /home/honhon/sites/redmine/config/boot.rb:16:in `boot!'
	from /home/honhon/sites/redmine/config/boot.rb:119
	from /usr/local/lib/site_ruby/1.8/rubygems/custom_require.rb:36:in `gem_original_require'
	from /usr/local/lib/site_ruby/1.8/rubygems/custom_require.rb:36:in `require'
	from /home/honhon/sites/redmine/config/environment.rb:15
	from /usr/local/lib/site_ruby/1.8/rubygems/custom_require.rb:36:in `gem_original_require'
	from /usr/local/lib/site_ruby/1.8/rubygems/custom_require.rb:36:in `require'
	from /usr/lib/ruby/gems/1.8/gems/thin-1.3.1/lib/rack/adapter/rails.rb:37:in `load_application'
	from /usr/lib/ruby/gems/1.8/gems/thin-1.3.1/lib/rack/adapter/rails.rb:23:in `initialize'
	from /usr/lib/ruby/gems/1.8/gems/thin-1.3.1/lib/rack/adapter/loader.rb:48:in `new'
	from /usr/lib/ruby/gems/1.8/gems/thin-1.3.1/lib/rack/adapter/loader.rb:48:in `for'
	from /usr/lib/ruby/gems/1.8/gems/thin-1.3.1/lib/thin/controllers/controller.rb:169:in `load_adapter'
	from /usr/lib/ruby/gems/1.8/gems/thin-1.3.1/lib/thin/controllers/controller.rb:73:in `start'
	from /usr/lib/ruby/gems/1.8/gems/thin-1.3.1/lib/thin/runner.rb:185:in `send'
	from /usr/lib/ruby/gems/1.8/gems/thin-1.3.1/lib/thin/runner.rb:185:in `run_command'
	from /usr/lib/ruby/gems/1.8/gems/thin-1.3.1/lib/thin/runner.rb:151:in `run!'
	from /usr/lib/ruby/gems/1.8/gems/thin-1.3.1/bin/thin:6
	from /usr/bin/thin:19:in `load'
	from /usr/bin/thin:19
>> Writing PID to tmp/pids/thin.3003.pid
>> Using rails adapter
>> Exiting!
/usr/local/lib/site_ruby/1.8/rubygems/specification.rb:1615:in `raise_if_conflicts': Unable to activate actionpack-2.3.14, because rack-1.3.5 conflicts with rack (~> 1.1.0) (Gem::LoadError)
	from /usr/local/lib/site_ruby/1.8/rubygems/specification.rb:738:in `activate'
	from /usr/local/lib/site_ruby/1.8/rubygems/specification.rb:764:in `activate_dependencies'
	from /usr/local/lib/site_ruby/1.8/rubygems/specification.rb:758:in `each'
	from /usr/local/lib/site_ruby/1.8/rubygems/specification.rb:758:in `activate_dependencies'
	from /usr/local/lib/site_ruby/1.8/rubygems/specification.rb:742:in `activate'
	from /usr/local/lib/site_ruby/1.8/rubygems.rb:1211:in `gem'
	from /home/honhon/sites/redmine/config/boot.rb:65:in `load_rails_gem'
	from /home/honhon/sites/redmine/config/boot.rb:59:in `load_initializer'
	from /home/honhon/sites/redmine/config/boot.rb:43:in `run'
	from /home/honhon/sites/redmine/config/boot.rb:16:in `boot!'
	from /home/honhon/sites/redmine/config/boot.rb:119
	from /usr/local/lib/site_ruby/1.8/rubygems/custom_require.rb:36:in `gem_original_require'
	from /usr/local/lib/site_ruby/1.8/rubygems/custom_require.rb:36:in `require'
	from /home/honhon/sites/redmine/config/environment.rb:15
	from /usr/local/lib/site_ruby/1.8/rubygems/custom_require.rb:36:in `gem_original_require'
	from /usr/local/lib/site_ruby/1.8/rubygems/custom_require.rb:36:in `require'
	from /usr/lib/ruby/gems/1.8/gems/thin-1.3.1/lib/rack/adapter/rails.rb:37:in `load_application'
	from /usr/lib/ruby/gems/1.8/gems/thin-1.3.1/lib/rack/adapter/rails.rb:23:in `initialize'
	from /usr/lib/ruby/gems/1.8/gems/thin-1.3.1/lib/rack/adapter/loader.rb:48:in `new'
	from /usr/lib/ruby/gems/1.8/gems/thin-1.3.1/lib/rack/adapter/loader.rb:48:in `for'
	from /usr/lib/ruby/gems/1.8/gems/thin-1.3.1/lib/thin/controllers/controller.rb:169:in `load_adapter'
	from /usr/lib/ruby/gems/1.8/gems/thin-1.3.1/lib/thin/controllers/controller.rb:73:in `start'
	from /usr/lib/ruby/gems/1.8/gems/thin-1.3.1/lib/thin/runner.rb:185:in `send'
	from /usr/lib/ruby/gems/1.8/gems/thin-1.3.1/lib/thin/runner.rb:185:in `run_command'
	from /usr/lib/ruby/gems/1.8/gems/thin-1.3.1/lib/thin/runner.rb:151:in `run!'
	from /usr/lib/ruby/gems/1.8/gems/thin-1.3.1/bin/thin:6
	from /usr/bin/thin:19:in `load'
	from /usr/bin/thin:19
>> Writing PID to tmp/pids/thin.3003.pid
>> Using rails adapter
>> Exiting!
/usr/local/lib/site_ruby/1.8/rubygems/specification.rb:1615:in `raise_if_conflicts': Unable to activate actionpack-2.3.14, because rack-1.3.5 conflicts with rack (~> 1.1.0) (Gem::LoadError)
	from /usr/local/lib/site_ruby/1.8/rubygems/specification.rb:738:in `activate'
	from /usr/local/lib/site_ruby/1.8/rubygems/specification.rb:764:in `activate_dependencies'
	from /usr/local/lib/site_ruby/1.8/rubygems/specification.rb:758:in `each'
	from /usr/local/lib/site_ruby/1.8/rubygems/specification.rb:758:in `activate_dependencies'
	from /usr/local/lib/site_ruby/1.8/rubygems/specification.rb:742:in `activate'
	from /usr/local/lib/site_ruby/1.8/rubygems.rb:1211:in `gem'
	from /home/honhon/sites/redmine/config/boot.rb:65:in `load_rails_gem'
	from /home/honhon/sites/redmine/config/boot.rb:59:in `load_initializer'
	from /home/honhon/sites/redmine/config/boot.rb:43:in `run'
	from /home/honhon/sites/redmine/config/boot.rb:16:in `boot!'
	from /home/honhon/sites/redmine/config/boot.rb:119
	from /usr/local/lib/site_ruby/1.8/rubygems/custom_require.rb:36:in `gem_original_require'
	from /usr/local/lib/site_ruby/1.8/rubygems/custom_require.rb:36:in `require'
	from /home/honhon/sites/redmine/config/environment.rb:15
	from /usr/local/lib/site_ruby/1.8/rubygems/custom_require.rb:36:in `gem_original_require'
	from /usr/local/lib/site_ruby/1.8/rubygems/custom_require.rb:36:in `require'
	from /usr/lib/ruby/gems/1.8/gems/thin-1.3.1/lib/rack/adapter/rails.rb:37:in `load_application'
	from /usr/lib/ruby/gems/1.8/gems/thin-1.3.1/lib/rack/adapter/rails.rb:23:in `initialize'
	from /usr/lib/ruby/gems/1.8/gems/thin-1.3.1/lib/rack/adapter/loader.rb:48:in `new'
	from /usr/lib/ruby/gems/1.8/gems/thin-1.3.1/lib/rack/adapter/loader.rb:48:in `for'
	from /usr/lib/ruby/gems/1.8/gems/thin-1.3.1/lib/thin/controllers/controller.rb:169:in `load_adapter'
	from /usr/lib/ruby/gems/1.8/gems/thin-1.3.1/lib/thin/controllers/controller.rb:73:in `start'
	from /usr/lib/ruby/gems/1.8/gems/thin-1.3.1/lib/thin/runner.rb:185:in `send'
	from /usr/lib/ruby/gems/1.8/gems/thin-1.3.1/lib/thin/runner.rb:185:in `run_command'
	from /usr/lib/ruby/gems/1.8/gems/thin-1.3.1/lib/thin/runner.rb:151:in `run!'
	from /usr/lib/ruby/gems/1.8/gems/thin-1.3.1/bin/thin:6
	from /usr/bin/thin:19:in `load'
	from /usr/bin/thin:19
>> Writing PID to tmp/pids/thin.3003.pid
>> Using rails adapter
>> Exiting!
/usr/local/lib/site_ruby/1.8/rubygems/specification.rb:1615:in `raise_if_conflicts': Unable to activate actionpack-2.3.14, because rack-1.3.5 conflicts with rack (~> 1.1.0) (Gem::LoadError)
	from /usr/local/lib/site_ruby/1.8/rubygems/specification.rb:738:in `activate'
	from /usr/local/lib/site_ruby/1.8/rubygems/specification.rb:764:in `activate_dependencies'
	from /usr/local/lib/site_ruby/1.8/rubygems/specification.rb:758:in `each'
	from /usr/local/lib/site_ruby/1.8/rubygems/specification.rb:758:in `activate_dependencies'
	from /usr/local/lib/site_ruby/1.8/rubygems/specification.rb:742:in `activate'
	from /usr/local/lib/site_ruby/1.8/rubygems.rb:1211:in `gem'
	from /home/honhon/sites/redmine/config/boot.rb:65:in `load_rails_gem'
	from /home/honhon/sites/redmine/config/boot.rb:59:in `load_initializer'
	from /home/honhon/sites/redmine/config/boot.rb:43:in `run'
	from /home/honhon/sites/redmine/config/boot.rb:16:in `boot!'
	from /home/honhon/sites/redmine/config/boot.rb:119
	from /usr/local/lib/site_ruby/1.8/rubygems/custom_require.rb:36:in `gem_original_require'
	from /usr/local/lib/site_ruby/1.8/rubygems/custom_require.rb:36:in `require'
	from /home/honhon/sites/redmine/config/environment.rb:15
	from /usr/local/lib/site_ruby/1.8/rubygems/custom_require.rb:36:in `gem_original_require'
	from /usr/local/lib/site_ruby/1.8/rubygems/custom_require.rb:36:in `require'
	from /usr/lib/ruby/gems/1.8/gems/thin-1.3.1/lib/rack/adapter/rails.rb:37:in `load_application'
	from /usr/lib/ruby/gems/1.8/gems/thin-1.3.1/lib/rack/adapter/rails.rb:23:in `initialize'
	from /usr/lib/ruby/gems/1.8/gems/thin-1.3.1/lib/rack/adapter/loader.rb:48:in `new'
	from /usr/lib/ruby/gems/1.8/gems/thin-1.3.1/lib/rack/adapter/loader.rb:48:in `for'
	from /usr/lib/ruby/gems/1.8/gems/thin-1.3.1/lib/thin/controllers/controller.rb:169:in `load_adapter'
	from /usr/lib/ruby/gems/1.8/gems/thin-1.3.1/lib/thin/controllers/controller.rb:73:in `start'
	from /usr/lib/ruby/gems/1.8/gems/thin-1.3.1/lib/thin/runner.rb:185:in `send'
	from /usr/lib/ruby/gems/1.8/gems/thin-1.3.1/lib/thin/runner.rb:185:in `run_command'
	from /usr/lib/ruby/gems/1.8/gems/thin-1.3.1/lib/thin/runner.rb:151:in `run!'
	from /usr/lib/ruby/gems/1.8/gems/thin-1.3.1/bin/thin:6
	from /usr/bin/thin:19:in `load'
	from /usr/bin/thin:19
>> Writing PID to tmp/pids/thin.3003.pid
>> Using rails adapter
>> Exiting!
/usr/local/lib/site_ruby/1.8/rubygems/specification.rb:1615:in `raise_if_conflicts': Unable to activate actionpack-2.3.14, because rack-1.3.5 conflicts with rack (~> 1.1.0) (Gem::LoadError)
	from /usr/local/lib/site_ruby/1.8/rubygems/specification.rb:738:in `activate'
	from /usr/local/lib/site_ruby/1.8/rubygems/specification.rb:764:in `activate_dependencies'
	from /usr/local/lib/site_ruby/1.8/rubygems/specification.rb:758:in `each'
	from /usr/local/lib/site_ruby/1.8/rubygems/specification.rb:758:in `activate_dependencies'
	from /usr/local/lib/site_ruby/1.8/rubygems/specification.rb:742:in `activate'
	from /usr/local/lib/site_ruby/1.8/rubygems.rb:1211:in `gem'
	from /home/honhon/sites/redmine/config/boot.rb:65:in `load_rails_gem'
	from /home/honhon/sites/redmine/config/boot.rb:59:in `load_initializer'
	from /home/honhon/sites/redmine/config/boot.rb:43:in `run'
	from /home/honhon/sites/redmine/config/boot.rb:16:in `boot!'
	from /home/honhon/sites/redmine/config/boot.rb:119
	from /usr/local/lib/site_ruby/1.8/rubygems/custom_require.rb:36:in `gem_original_require'
	from /usr/local/lib/site_ruby/1.8/rubygems/custom_require.rb:36:in `require'
	from /home/honhon/sites/redmine/config/environment.rb:15
	from /usr/local/lib/site_ruby/1.8/rubygems/custom_require.rb:36:in `gem_original_require'
	from /usr/local/lib/site_ruby/1.8/rubygems/custom_require.rb:36:in `require'
	from /usr/lib/ruby/gems/1.8/gems/thin-1.3.1/lib/rack/adapter/rails.rb:37:in `load_application'
	from /usr/lib/ruby/gems/1.8/gems/thin-1.3.1/lib/rack/adapter/rails.rb:23:in `initialize'
	from /usr/lib/ruby/gems/1.8/gems/thin-1.3.1/lib/rack/adapter/loader.rb:48:in `new'
	from /usr/lib/ruby/gems/1.8/gems/thin-1.3.1/lib/rack/adapter/loader.rb:48:in `for'
	from /usr/lib/ruby/gems/1.8/gems/thin-1.3.1/lib/thin/controllers/controller.rb:169:in `load_adapter'
	from /usr/lib/ruby/gems/1.8/gems/thin-1.3.1/lib/thin/controllers/controller.rb:73:in `start'
	from /usr/lib/ruby/gems/1.8/gems/thin-1.3.1/lib/thin/runner.rb:185:in `send'
	from /usr/lib/ruby/gems/1.8/gems/thin-1.3.1/lib/thin/runner.rb:185:in `run_command'
	from /usr/lib/ruby/gems/1.8/gems/thin-1.3.1/lib/thin/runner.rb:151:in `run!'
	from /usr/lib/ruby/gems/1.8/gems/thin-1.3.1/bin/thin:6
	from /usr/bin/thin:19:in `load'
	from /usr/bin/thin:19
>> Writing PID to tmp/pids/thin.3003.pid
>> Using rails adapter
>> Exiting!
/usr/local/lib/site_ruby/1.8/rubygems/specification.rb:1615:in `raise_if_conflicts': Unable to activate actionpack-2.3.14, because rack-1.3.5 conflicts with rack (~> 1.1.0) (Gem::LoadError)
	from /usr/local/lib/site_ruby/1.8/rubygems/specification.rb:738:in `activate'
	from /usr/local/lib/site_ruby/1.8/rubygems/specification.rb:764:in `activate_dependencies'
	from /usr/local/lib/site_ruby/1.8/rubygems/specification.rb:758:in `each'
	from /usr/local/lib/site_ruby/1.8/rubygems/specification.rb:758:in `activate_dependencies'
	from /usr/local/lib/site_ruby/1.8/rubygems/specification.rb:742:in `activate'
	from /usr/local/lib/site_ruby/1.8/rubygems.rb:1211:in `gem'
	from /home/honhon/sites/redmine/config/boot.rb:65:in `load_rails_gem'
	from /home/honhon/sites/redmine/config/boot.rb:59:in `load_initializer'
	from /home/honhon/sites/redmine/config/boot.rb:43:in `run'
	from /home/honhon/sites/redmine/config/boot.rb:16:in `boot!'
	from /home/honhon/sites/redmine/config/boot.rb:119
	from /usr/local/lib/site_ruby/1.8/rubygems/custom_require.rb:36:in `gem_original_require'
	from /usr/local/lib/site_ruby/1.8/rubygems/custom_require.rb:36:in `require'
	from /home/honhon/sites/redmine/config/environment.rb:15
	from /usr/local/lib/site_ruby/1.8/rubygems/custom_require.rb:36:in `gem_original_require'
	from /usr/local/lib/site_ruby/1.8/rubygems/custom_require.rb:36:in `require'
	from /usr/lib/ruby/gems/1.8/gems/thin-1.3.1/lib/rack/adapter/rails.rb:37:in `load_application'
	from /usr/lib/ruby/gems/1.8/gems/thin-1.3.1/lib/rack/adapter/rails.rb:23:in `initialize'
	from /usr/lib/ruby/gems/1.8/gems/thin-1.3.1/lib/rack/adapter/loader.rb:48:in `new'
	from /usr/lib/ruby/gems/1.8/gems/thin-1.3.1/lib/rack/adapter/loader.rb:48:in `for'
	from /usr/lib/ruby/gems/1.8/gems/thin-1.3.1/lib/thin/controllers/controller.rb:169:in `load_adapter'
	from /usr/lib/ruby/gems/1.8/gems/thin-1.3.1/lib/thin/controllers/controller.rb:73:in `start'
	from /usr/lib/ruby/gems/1.8/gems/thin-1.3.1/lib/thin/runner.rb:185:in `send'
	from /usr/lib/ruby/gems/1.8/gems/thin-1.3.1/lib/thin/runner.rb:185:in `run_command'
	from /usr/lib/ruby/gems/1.8/gems/thin-1.3.1/lib/thin/runner.rb:151:in `run!'
	from /usr/lib/ruby/gems/1.8/gems/thin-1.3.1/bin/thin:6
	from /usr/bin/thin:19:in `load'
	from /usr/bin/thin:19
>> Writing PID to tmp/pids/thin.3003.pid
>> Using rails adapter
>> Exiting!
/usr/local/lib/site_ruby/1.8/rubygems/specification.rb:1615:in `raise_if_conflicts': Unable to activate actionpack-2.3.14, because rack-1.3.5 conflicts with rack (~> 1.1.0) (Gem::LoadError)
	from /usr/local/lib/site_ruby/1.8/rubygems/specification.rb:738:in `activate'
	from /usr/local/lib/site_ruby/1.8/rubygems/specification.rb:764:in `activate_dependencies'
	from /usr/local/lib/site_ruby/1.8/rubygems/specification.rb:758:in `each'
	from /usr/local/lib/site_ruby/1.8/rubygems/specification.rb:758:in `activate_dependencies'
	from /usr/local/lib/site_ruby/1.8/rubygems/specification.rb:742:in `activate'
	from /usr/local/lib/site_ruby/1.8/rubygems.rb:1211:in `gem'
	from /home/honhon/sites/redmine/config/boot.rb:65:in `load_rails_gem'
	from /home/honhon/sites/redmine/config/boot.rb:59:in `load_initializer'
	from /home/honhon/sites/redmine/config/boot.rb:43:in `run'
	from /home/honhon/sites/redmine/config/boot.rb:16:in `boot!'
	from /home/honhon/sites/redmine/config/boot.rb:119
	from /usr/local/lib/site_ruby/1.8/rubygems/custom_require.rb:36:in `gem_original_require'
	from /usr/local/lib/site_ruby/1.8/rubygems/custom_require.rb:36:in `require'
	from /home/honhon/sites/redmine/config/environment.rb:15
	from /usr/local/lib/site_ruby/1.8/rubygems/custom_require.rb:36:in `gem_original_require'
	from /usr/local/lib/site_ruby/1.8/rubygems/custom_require.rb:36:in `require'
	from /usr/lib/ruby/gems/1.8/gems/thin-1.3.1/lib/rack/adapter/rails.rb:37:in `load_application'
	from /usr/lib/ruby/gems/1.8/gems/thin-1.3.1/lib/rack/adapter/rails.rb:23:in `initialize'
	from /usr/lib/ruby/gems/1.8/gems/thin-1.3.1/lib/rack/adapter/loader.rb:48:in `new'
	from /usr/lib/ruby/gems/1.8/gems/thin-1.3.1/lib/rack/adapter/loader.rb:48:in `for'
	from /usr/lib/ruby/gems/1.8/gems/thin-1.3.1/lib/thin/controllers/controller.rb:169:in `load_adapter'
	from /usr/lib/ruby/gems/1.8/gems/thin-1.3.1/lib/thin/controllers/controller.rb:73:in `start'
	from /usr/lib/ruby/gems/1.8/gems/thin-1.3.1/lib/thin/runner.rb:185:in `send'
	from /usr/lib/ruby/gems/1.8/gems/thin-1.3.1/lib/thin/runner.rb:185:in `run_command'
	from /usr/lib/ruby/gems/1.8/gems/thin-1.3.1/lib/thin/runner.rb:151:in `run!'
	from /usr/lib/ruby/gems/1.8/gems/thin-1.3.1/bin/thin:6
	from /usr/bin/thin:19:in `load'
	from /usr/bin/thin:19
>> Writing PID to tmp/pids/thin.3003.pid
>> Using rails adapter
>> Exiting!
/usr/local/lib/site_ruby/1.8/rubygems/specification.rb:1615:in `raise_if_conflicts': Unable to activate actionpack-2.3.14, because rack-1.3.5 conflicts with rack (~> 1.1.0) (Gem::LoadError)
	from /usr/local/lib/site_ruby/1.8/rubygems/specification.rb:738:in `activate'
	from /usr/local/lib/site_ruby/1.8/rubygems/specification.rb:764:in `activate_dependencies'
	from /usr/local/lib/site_ruby/1.8/rubygems/specification.rb:758:in `each'
	from /usr/local/lib/site_ruby/1.8/rubygems/specification.rb:758:in `activate_dependencies'
	from /usr/local/lib/site_ruby/1.8/rubygems/specification.rb:742:in `activate'
	from /usr/local/lib/site_ruby/1.8/rubygems.rb:1211:in `gem'
	from /home/honhon/sites/redmine/config/boot.rb:65:in `load_rails_gem'
	from /home/honhon/sites/redmine/config/boot.rb:59:in `load_initializer'
	from /home/honhon/sites/redmine/config/boot.rb:43:in `run'
	from /home/honhon/sites/redmine/config/boot.rb:16:in `boot!'
	from /home/honhon/sites/redmine/config/boot.rb:119
	from /usr/local/lib/site_ruby/1.8/rubygems/custom_require.rb:36:in `gem_original_require'
	from /usr/local/lib/site_ruby/1.8/rubygems/custom_require.rb:36:in `require'
	from /home/honhon/sites/redmine/config/environment.rb:15
	from /usr/local/lib/site_ruby/1.8/rubygems/custom_require.rb:36:in `gem_original_require'
	from /usr/local/lib/site_ruby/1.8/rubygems/custom_require.rb:36:in `require'
	from /usr/lib/ruby/gems/1.8/gems/thin-1.3.1/lib/rack/adapter/rails.rb:37:in `load_application'
	from /usr/lib/ruby/gems/1.8/gems/thin-1.3.1/lib/rack/adapter/rails.rb:23:in `initialize'
	from /usr/lib/ruby/gems/1.8/gems/thin-1.3.1/lib/rack/adapter/loader.rb:48:in `new'
	from /usr/lib/ruby/gems/1.8/gems/thin-1.3.1/lib/rack/adapter/loader.rb:48:in `for'
	from /usr/lib/ruby/gems/1.8/gems/thin-1.3.1/lib/thin/controllers/controller.rb:169:in `load_adapter'
	from /usr/lib/ruby/gems/1.8/gems/thin-1.3.1/lib/thin/controllers/controller.rb:73:in `start'
	from /usr/lib/ruby/gems/1.8/gems/thin-1.3.1/lib/thin/runner.rb:185:in `send'
	from /usr/lib/ruby/gems/1.8/gems/thin-1.3.1/lib/thin/runner.rb:185:in `run_command'
	from /usr/lib/ruby/gems/1.8/gems/thin-1.3.1/lib/thin/runner.rb:151:in `run!'
	from /usr/lib/ruby/gems/1.8/gems/thin-1.3.1/bin/thin:6
	from /usr/bin/thin:19:in `load'
	from /usr/bin/thin:19
>> Writing PID to tmp/pids/thin.3003.pid
>> Using rails adapter
>> Exiting!
/usr/local/lib/site_ruby/1.8/rubygems/specification.rb:1615:in `raise_if_conflicts': Unable to activate actionpack-2.3.14, because rack-1.3.5 conflicts with rack (~> 1.1.0) (Gem::LoadError)
	from /usr/local/lib/site_ruby/1.8/rubygems/specification.rb:738:in `activate'
	from /usr/local/lib/site_ruby/1.8/rubygems/specification.rb:764:in `activate_dependencies'
	from /usr/local/lib/site_ruby/1.8/rubygems/specification.rb:758:in `each'
	from /usr/local/lib/site_ruby/1.8/rubygems/specification.rb:758:in `activate_dependencies'
	from /usr/local/lib/site_ruby/1.8/rubygems/specification.rb:742:in `activate'
	from /usr/local/lib/site_ruby/1.8/rubygems.rb:1211:in `gem'
	from /home/honhon/sites/redmine/config/boot.rb:65:in `load_rails_gem'
	from /home/honhon/sites/redmine/config/boot.rb:59:in `load_initializer'
	from /home/honhon/sites/redmine/config/boot.rb:43:in `run'
	from /home/honhon/sites/redmine/config/boot.rb:16:in `boot!'
	from /home/honhon/sites/redmine/config/boot.rb:119
	from /usr/local/lib/site_ruby/1.8/rubygems/custom_require.rb:36:in `gem_original_require'
	from /usr/local/lib/site_ruby/1.8/rubygems/custom_require.rb:36:in `require'
	from /home/honhon/sites/redmine/config/environment.rb:15
	from /usr/local/lib/site_ruby/1.8/rubygems/custom_require.rb:36:in `gem_original_require'
	from /usr/local/lib/site_ruby/1.8/rubygems/custom_require.rb:36:in `require'
	from /usr/lib/ruby/gems/1.8/gems/thin-1.3.1/lib/rack/adapter/rails.rb:37:in `load_application'
	from /usr/lib/ruby/gems/1.8/gems/thin-1.3.1/lib/rack/adapter/rails.rb:23:in `initialize'
	from /usr/lib/ruby/gems/1.8/gems/thin-1.3.1/lib/rack/adapter/loader.rb:48:in `new'
	from /usr/lib/ruby/gems/1.8/gems/thin-1.3.1/lib/rack/adapter/loader.rb:48:in `for'
	from /usr/lib/ruby/gems/1.8/gems/thin-1.3.1/lib/thin/controllers/controller.rb:169:in `load_adapter'
	from /usr/lib/ruby/gems/1.8/gems/thin-1.3.1/lib/thin/controllers/controller.rb:73:in `start'
	from /usr/lib/ruby/gems/1.8/gems/thin-1.3.1/lib/thin/runner.rb:185:in `send'
	from /usr/lib/ruby/gems/1.8/gems/thin-1.3.1/lib/thin/runner.rb:185:in `run_command'
	from /usr/lib/ruby/gems/1.8/gems/thin-1.3.1/lib/thin/runner.rb:151:in `run!'
	from /usr/lib/ruby/gems/1.8/gems/thin-1.3.1/bin/thin:6
	from /usr/bin/thin:19:in `load'
	from /usr/bin/thin:19
>> Writing PID to tmp/pids/thin.3003.pid
>> Using rails adapter
>> Exiting!
/usr/local/lib/site_ruby/1.8/rubygems/specification.rb:1615:in `raise_if_conflicts': Unable to activate actionpack-2.3.14, because rack-1.3.5 conflicts with rack (~> 1.1.0) (Gem::LoadError)
	from /usr/local/lib/site_ruby/1.8/rubygems/specification.rb:738:in `activate'
	from /usr/local/lib/site_ruby/1.8/rubygems/specification.rb:764:in `activate_dependencies'
	from /usr/local/lib/site_ruby/1.8/rubygems/specification.rb:758:in `each'
	from /usr/local/lib/site_ruby/1.8/rubygems/specification.rb:758:in `activate_dependencies'
	from /usr/local/lib/site_ruby/1.8/rubygems/specification.rb:742:in `activate'
	from /usr/local/lib/site_ruby/1.8/rubygems.rb:1211:in `gem'
	from /home/honhon/sites/redmine/config/boot.rb:65:in `load_rails_gem'
	from /home/honhon/sites/redmine/config/boot.rb:59:in `load_initializer'
	from /home/honhon/sites/redmine/config/boot.rb:43:in `run'
	from /home/honhon/sites/redmine/config/boot.rb:16:in `boot!'
	from /home/honhon/sites/redmine/config/boot.rb:119
	from /usr/local/lib/site_ruby/1.8/rubygems/custom_require.rb:36:in `gem_original_require'
	from /usr/local/lib/site_ruby/1.8/rubygems/custom_require.rb:36:in `require'
	from /home/honhon/sites/redmine/config/environment.rb:15
	from /usr/local/lib/site_ruby/1.8/rubygems/custom_require.rb:36:in `gem_original_require'
	from /usr/local/lib/site_ruby/1.8/rubygems/custom_require.rb:36:in `require'
	from /usr/lib/ruby/gems/1.8/gems/thin-1.3.1/lib/rack/adapter/rails.rb:37:in `load_application'
	from /usr/lib/ruby/gems/1.8/gems/thin-1.3.1/lib/rack/adapter/rails.rb:23:in `initialize'
	from /usr/lib/ruby/gems/1.8/gems/thin-1.3.1/lib/rack/adapter/loader.rb:48:in `new'
	from /usr/lib/ruby/gems/1.8/gems/thin-1.3.1/lib/rack/adapter/loader.rb:48:in `for'
	from /usr/lib/ruby/gems/1.8/gems/thin-1.3.1/lib/thin/controllers/controller.rb:169:in `load_adapter'
	from /usr/lib/ruby/gems/1.8/gems/thin-1.3.1/lib/thin/controllers/controller.rb:73:in `start'
	from /usr/lib/ruby/gems/1.8/gems/thin-1.3.1/lib/thin/runner.rb:185:in `send'
	from /usr/lib/ruby/gems/1.8/gems/thin-1.3.1/lib/thin/runner.rb:185:in `run_command'
	from /usr/lib/ruby/gems/1.8/gems/thin-1.3.1/lib/thin/runner.rb:151:in `run!'
	from /usr/lib/ruby/gems/1.8/gems/thin-1.3.1/bin/thin:6
	from /usr/bin/thin:19:in `load'
	from /usr/bin/thin:19
>> Writing PID to tmp/pids/thin.3003.pid
>> Using rails adapter
>> Exiting!
/usr/local/lib/site_ruby/1.8/rubygems/specification.rb:1615:in `raise_if_conflicts': Unable to activate actionpack-2.3.14, because rack-1.3.5 conflicts with rack (~> 1.1.0) (Gem::LoadError)
	from /usr/local/lib/site_ruby/1.8/rubygems/specification.rb:738:in `activate'
	from /usr/local/lib/site_ruby/1.8/rubygems/specification.rb:764:in `activate_dependencies'
	from /usr/local/lib/site_ruby/1.8/rubygems/specification.rb:758:in `each'
	from /usr/local/lib/site_ruby/1.8/rubygems/specification.rb:758:in `activate_dependencies'
	from /usr/local/lib/site_ruby/1.8/rubygems/specification.rb:742:in `activate'
	from /usr/local/lib/site_ruby/1.8/rubygems.rb:1211:in `gem'
	from /home/honhon/sites/redmine/config/boot.rb:65:in `load_rails_gem'
	from /home/honhon/sites/redmine/config/boot.rb:59:in `load_initializer'
	from /home/honhon/sites/redmine/config/boot.rb:43:in `run'
	from /home/honhon/sites/redmine/config/boot.rb:16:in `boot!'
	from /home/honhon/sites/redmine/config/boot.rb:119
	from /usr/local/lib/site_ruby/1.8/rubygems/custom_require.rb:36:in `gem_original_require'
	from /usr/local/lib/site_ruby/1.8/rubygems/custom_require.rb:36:in `require'
	from /home/honhon/sites/redmine/config/environment.rb:15
	from /usr/local/lib/site_ruby/1.8/rubygems/custom_require.rb:36:in `gem_original_require'
	from /usr/local/lib/site_ruby/1.8/rubygems/custom_require.rb:36:in `require'
	from /usr/lib/ruby/gems/1.8/gems/thin-1.3.1/lib/rack/adapter/rails.rb:37:in `load_application'
	from /usr/lib/ruby/gems/1.8/gems/thin-1.3.1/lib/rack/adapter/rails.rb:23:in `initialize'
	from /usr/lib/ruby/gems/1.8/gems/thin-1.3.1/lib/rack/adapter/loader.rb:48:in `new'
	from /usr/lib/ruby/gems/1.8/gems/thin-1.3.1/lib/rack/adapter/loader.rb:48:in `for'
	from /usr/lib/ruby/gems/1.8/gems/thin-1.3.1/lib/thin/controllers/controller.rb:169:in `load_adapter'
	from /usr/lib/ruby/gems/1.8/gems/thin-1.3.1/lib/thin/controllers/controller.rb:73:in `start'
	from /usr/lib/ruby/gems/1.8/gems/thin-1.3.1/lib/thin/runner.rb:185:in `send'
	from /usr/lib/ruby/gems/1.8/gems/thin-1.3.1/lib/thin/runner.rb:185:in `run_command'
	from /usr/lib/ruby/gems/1.8/gems/thin-1.3.1/lib/thin/runner.rb:151:in `run!'
	from /usr/lib/ruby/gems/1.8/gems/thin-1.3.1/bin/thin:6
	from /usr/bin/thin:19:in `load'
	from /usr/bin/thin:19
>> Writing PID to tmp/pids/thin.3003.pid
>> Using rails adapter
>> Exiting!
/usr/local/lib/site_ruby/1.8/rubygems/specification.rb:1615:in `raise_if_conflicts': Unable to activate actionpack-2.3.14, because rack-1.3.5 conflicts with rack (~> 1.1.0) (Gem::LoadError)
	from /usr/local/lib/site_ruby/1.8/rubygems/specification.rb:738:in `activate'
	from /usr/local/lib/site_ruby/1.8/rubygems/specification.rb:764:in `activate_dependencies'
	from /usr/local/lib/site_ruby/1.8/rubygems/specification.rb:758:in `each'
	from /usr/local/lib/site_ruby/1.8/rubygems/specification.rb:758:in `activate_dependencies'
	from /usr/local/lib/site_ruby/1.8/rubygems/specification.rb:742:in `activate'
	from /usr/local/lib/site_ruby/1.8/rubygems.rb:1211:in `gem'
	from /home/honhon/sites/redmine/config/boot.rb:65:in `load_rails_gem'
	from /home/honhon/sites/redmine/config/boot.rb:59:in `load_initializer'
	from /home/honhon/sites/redmine/config/boot.rb:43:in `run'
	from /home/honhon/sites/redmine/config/boot.rb:16:in `boot!'
	from /home/honhon/sites/redmine/config/boot.rb:119
	from /usr/local/lib/site_ruby/1.8/rubygems/custom_require.rb:36:in `gem_original_require'
	from /usr/local/lib/site_ruby/1.8/rubygems/custom_require.rb:36:in `require'
	from /home/honhon/sites/redmine/config/environment.rb:15
	from /usr/local/lib/site_ruby/1.8/rubygems/custom_require.rb:36:in `gem_original_require'
	from /usr/local/lib/site_ruby/1.8/rubygems/custom_require.rb:36:in `require'
	from /usr/lib/ruby/gems/1.8/gems/thin-1.3.1/lib/rack/adapter/rails.rb:37:in `load_application'
	from /usr/lib/ruby/gems/1.8/gems/thin-1.3.1/lib/rack/adapter/rails.rb:23:in `initialize'
	from /usr/lib/ruby/gems/1.8/gems/thin-1.3.1/lib/rack/adapter/loader.rb:48:in `new'
	from /usr/lib/ruby/gems/1.8/gems/thin-1.3.1/lib/rack/adapter/loader.rb:48:in `for'
	from /usr/lib/ruby/gems/1.8/gems/thin-1.3.1/lib/thin/controllers/controller.rb:169:in `load_adapter'
	from /usr/lib/ruby/gems/1.8/gems/thin-1.3.1/lib/thin/controllers/controller.rb:73:in `start'
	from /usr/lib/ruby/gems/1.8/gems/thin-1.3.1/lib/thin/runner.rb:185:in `send'
	from /usr/lib/ruby/gems/1.8/gems/thin-1.3.1/lib/thin/runner.rb:185:in `run_command'
	from /usr/lib/ruby/gems/1.8/gems/thin-1.3.1/lib/thin/runner.rb:151:in `run!'
	from /usr/lib/ruby/gems/1.8/gems/thin-1.3.1/bin/thin:6
	from /usr/bin/thin:19:in `load'
	from /usr/bin/thin:19
>> Writing PID to tmp/pids/thin.3003.pid
>> Using rails adapter
NOTE: Gem.source_index is deprecated, use Specification. It will be removed on or after 2011-11-01.
Gem.source_index called from /usr/lib/ruby/gems/1.8/gems/rails-2.3.14/lib/rails/gem_dependency.rb:21.
NOTE: Gem::SourceIndex#initialize is deprecated with no replacement. It will be removed on or after 2011-11-01.
Gem::SourceIndex#initialize called from /usr/lib/ruby/gems/1.8/gems/rails-2.3.14/lib/rails/vendor_gem_source_index.rb:100.
NOTE: Gem::SourceIndex#add_spec is deprecated, use Specification.add_spec. It will be removed on or after 2011-11-01.
Gem::SourceIndex#add_spec called from /usr/local/lib/site_ruby/1.8/rubygems/source_index.rb:91.
NOTE: Gem::SourceIndex#add_spec is deprecated, use Specification.add_spec. It will be removed on or after 2011-11-01.
Gem::SourceIndex#add_spec called from /usr/local/lib/site_ruby/1.8/rubygems/source_index.rb:91.
NOTE: Gem.source_index is deprecated, use Specification. It will be removed on or after 2011-11-01.
Gem.source_index called from /usr/lib/ruby/gems/1.8/gems/rails-2.3.14/lib/rails/gem_dependency.rb:78.
NOTE: Gem::SourceIndex#each is deprecated with no replacement. It will be removed on or after 2011-11-01.
Gem::SourceIndex#each called from /usr/lib/ruby/gems/1.8/gems/rails-2.3.14/lib/rails/vendor_gem_source_index.rb:123.
NOTE: Gem.source_index is deprecated, use Specification. It will be removed on or after 2011-11-01.
Gem.source_index called from /usr/lib/ruby/gems/1.8/gems/rails-2.3.14/lib/rails/gem_dependency.rb:78.
NOTE: Gem::SourceIndex#each is deprecated with no replacement. It will be removed on or after 2011-11-01.
Gem::SourceIndex#each called from /usr/lib/ruby/gems/1.8/gems/rails-2.3.14/lib/rails/vendor_gem_source_index.rb:123.
NOTE: Gem::Specification#installation_path is deprecated, use base_dir. It will be removed on or after 2011-10-01.
Gem::Specification#installation_path called from /usr/lib/ruby/gems/1.8/gems/rails-2.3.14/lib/rails/vendor_gem_source_index.rb:93.
NOTE: Gem.source_index is deprecated, use Specification. It will be removed on or after 2011-11-01.
Gem.source_index called from /usr/lib/ruby/gems/1.8/gems/rails-2.3.14/lib/rails/gem_dependency.rb:104.
NOTE: Gem::SourceIndex#search is deprecated with no replacement. It will be removed on or after 2011-11-01.
Gem::SourceIndex#search called from /usr/lib/ruby/gems/1.8/gems/rails-2.3.14/lib/rails/vendor_gem_source_index.rb:119.
NOTE: Gem::SourceIndex#search is deprecated with no replacement. It will be removed on or after 2011-11-01.
Gem::SourceIndex#search called from /usr/lib/ruby/gems/1.8/gems/rails-2.3.14/lib/rails/vendor_gem_source_index.rb:119.
NOTE: Gem::Specification#installation_path is deprecated, use base_dir. It will be removed on or after 2011-10-01.
Gem::Specification#installation_path called from /usr/lib/ruby/gems/1.8/gems/rails-2.3.14/lib/rails/vendor_gem_source_index.rb:93.
NOTE: Gem::Specification#installation_path is deprecated, use base_dir. It will be removed on or after 2011-10-01.
Gem::Specification#installation_path called from /usr/lib/ruby/gems/1.8/gems/rails-2.3.14/lib/rails/vendor_gem_source_index.rb:93.
NOTE: Gem::Specification#installation_path is deprecated, use base_dir. It will be removed on or after 2011-10-01.
Gem::Specification#installation_path called from /usr/lib/ruby/gems/1.8/gems/rails-2.3.14/lib/rails/vendor_gem_source_index.rb:93.
NOTE: Gem.source_index is deprecated, use Specification. It will be removed on or after 2011-11-01.
Gem.source_index called from /usr/lib/ruby/gems/1.8/gems/rails-2.3.14/lib/rails/gem_dependency.rb:78.
NOTE: Gem::SourceIndex#each is deprecated with no replacement. It will be removed on or after 2011-11-01.
Gem::SourceIndex#each called from /usr/lib/ruby/gems/1.8/gems/rails-2.3.14/lib/rails/vendor_gem_source_index.rb:123.
>> Thin web server (v1.3.1 codename Triple Espresso)
>> Maximum connections set to 1024
>> Listening on 0.0.0.0:3003, CTRL+C to stop
>> Exiting!
>> Writing PID to tmp/pids/thin.3003.pid
>> Using rails adapter
NOTE: Gem.source_index is deprecated, use Specification. It will be removed on or after 2011-11-01.
Gem.source_index called from /usr/lib/ruby/gems/1.8/gems/rails-2.3.14/lib/rails/gem_dependency.rb:21.
NOTE: Gem::SourceIndex#initialize is deprecated with no replacement. It will be removed on or after 2011-11-01.
Gem::SourceIndex#initialize called from /usr/lib/ruby/gems/1.8/gems/rails-2.3.14/lib/rails/vendor_gem_source_index.rb:100.
NOTE: Gem::SourceIndex#add_spec is deprecated, use Specification.add_spec. It will be removed on or after 2011-11-01.
Gem::SourceIndex#add_spec called from /usr/local/lib/site_ruby/1.8/rubygems/source_index.rb:91.
NOTE: Gem::SourceIndex#add_spec is deprecated, use Specification.add_spec. It will be removed on or after 2011-11-01.
Gem::SourceIndex#add_spec called from /usr/local/lib/site_ruby/1.8/rubygems/source_index.rb:91.
NOTE: Gem.source_index is deprecated, use Specification. It will be removed on or after 2011-11-01.
Gem.source_index called from /usr/lib/ruby/gems/1.8/gems/rails-2.3.14/lib/rails/gem_dependency.rb:78.
NOTE: Gem::SourceIndex#each is deprecated with no replacement. It will be removed on or after 2011-11-01.
Gem::SourceIndex#each called from /usr/lib/ruby/gems/1.8/gems/rails-2.3.14/lib/rails/vendor_gem_source_index.rb:123.
NOTE: Gem.source_index is deprecated, use Specification. It will be removed on or after 2011-11-01.
Gem.source_index called from /usr/lib/ruby/gems/1.8/gems/rails-2.3.14/lib/rails/gem_dependency.rb:78.
NOTE: Gem::SourceIndex#each is deprecated with no replacement. It will be removed on or after 2011-11-01.
Gem::SourceIndex#each called from /usr/lib/ruby/gems/1.8/gems/rails-2.3.14/lib/rails/vendor_gem_source_index.rb:123.
NOTE: Gem::Specification#installation_path is deprecated, use base_dir. It will be removed on or after 2011-10-01.
Gem::Specification#installation_path called from /usr/lib/ruby/gems/1.8/gems/rails-2.3.14/lib/rails/vendor_gem_source_index.rb:93.
NOTE: Gem.source_index is deprecated, use Specification. It will be removed on or after 2011-11-01.
Gem.source_index called from /usr/lib/ruby/gems/1.8/gems/rails-2.3.14/lib/rails/gem_dependency.rb:104.
NOTE: Gem::SourceIndex#search is deprecated with no replacement. It will be removed on or after 2011-11-01.
Gem::SourceIndex#search called from /usr/lib/ruby/gems/1.8/gems/rails-2.3.14/lib/rails/vendor_gem_source_index.rb:119.
NOTE: Gem::SourceIndex#search is deprecated with no replacement. It will be removed on or after 2011-11-01.
Gem::SourceIndex#search called from /usr/lib/ruby/gems/1.8/gems/rails-2.3.14/lib/rails/vendor_gem_source_index.rb:119.
NOTE: Gem::Specification#installation_path is deprecated, use base_dir. It will be removed on or after 2011-10-01.
Gem::Specification#installation_path called from /usr/lib/ruby/gems/1.8/gems/rails-2.3.14/lib/rails/vendor_gem_source_index.rb:93.
NOTE: Gem::Specification#installation_path is deprecated, use base_dir. It will be removed on or after 2011-10-01.
Gem::Specification#installation_path called from /usr/lib/ruby/gems/1.8/gems/rails-2.3.14/lib/rails/vendor_gem_source_index.rb:93.
NOTE: Gem::Specification#installation_path is deprecated, use base_dir. It will be removed on or after 2011-10-01.
Gem::Specification#installation_path called from /usr/lib/ruby/gems/1.8/gems/rails-2.3.14/lib/rails/vendor_gem_source_index.rb:93.
NOTE: Gem.source_index is deprecated, use Specification. It will be removed on or after 2011-11-01.
Gem.source_index called from /usr/lib/ruby/gems/1.8/gems/rails-2.3.14/lib/rails/gem_dependency.rb:78.
NOTE: Gem::SourceIndex#each is deprecated with no replacement. It will be removed on or after 2011-11-01.
Gem::SourceIndex#each called from /usr/lib/ruby/gems/1.8/gems/rails-2.3.14/lib/rails/vendor_gem_source_index.rb:123.
>> Thin web server (v1.3.1 codename Triple Espresso)
>> Maximum connections set to 1024
>> Listening on 0.0.0.0:3003, CTRL+C to stop
